[55, 6, 90, 94, 42]
[48, 92, 49]
[]
[68, 29, 39, 74, 53, 99, 28, 47, 42, 26, 91]
[68, 79, 73, 91, 76, 34, 16, 61, 81, 43, 33, 19, 41]
[62, 49, 73, 70, 0, 83, 92, 44, 75, 99, 40, 35, 1, 34]
[64]
[42, 89, 91, 60, 86, 62]
[11, 82, 44, 94, 57, 59, 65, 75]
[82, 14, 36, 11]
[]
[87, 95, 34, 27, 89, 84]
[20, 18]
[55, 6, 32, 12, 76, 35, 21, 2, 41, 39]
[17, 28, 66, 48, 43]
[50, 29, 26, 92, 1]
[51, 25, 3, 64, 57, 37]
[91, 41, 6, 28, 20, 59, 92]
[]
[68, 78, 2, 41]
[]
[96, 1, 6, 18, 95]
[55, 99, 33, 85, 67, 87, 61, 54]
[65, 40, 28, 79, 74, 59, 50, 49, 62, 15, 67, 81]
[45, 15, 23, 1, 91]
[78, 74, 66]
[84, 87, 18]
[54, 57, 19, 6, 17, 41, 84, 14, 15, 49]
[53, 37, 6, 95, 99, 91, 0, 69]
[59, 69, 20, 37, 65, 56, 6, 76]
[80, 40, 29, 90, 59, 1, 44, 2, 67, 65, 37, 19, 49, 75, 79]
[6, 91, 0, 78, 34, 32, 90, 89, 51, 37]
[85, 6, 49, 38]
[39, 28, 64, 17, 26, 61]
[0, 65, 39]
[45, 56, 39, 42, 20, 59, 19]
[20, 87, 95, 14, 70, 27, 17, 90, 41, 98, 18, 43, 21, 30]
[18, 84]
[67, 63, 97, 56, 91, 77, 76, 61, 72, 68]
[2, 60]
[72, 95, 69, 87]
[]
[]
[79, 45, 78, 56]
[59, 45, 12, 50, 66]
[64, 20]
[2, 1, 94, 65, 49, 95, 34]
[63, 62, 60, 67, 69, 20, 65, 56]
[10, 92, 20, 25, 26]
[64, 37]
[37, 59, 69, 89]
[79, 12, 42, 81, 20]
[86, 20, 11, 43, 48, 56, 33, 7, 27, 60]
[18, 78, 6, 79]
[46, 42, 2, 12, 53, 25]
[45, 79, 68]
[94, 74, 84]
[26, 66]
[87, 9, 76, 42, 6, 57]
[86, 18, 69, 92]
[26, 42, 10, 53, 6]
[78, 10, 55, 69]
[82, 50, 87, 69, 55, 99, 54]
[86, 56, 92, 39, 17, 64]
[]
[56, 18]
[10]
[92, 20, 94]
[]
[20]
[12, 60, 49, 74, 33]
[17, 14, 26]
[1, 7, 61, 35, 99, 90, 44, 71]
[80, 25, 37, 2, 53, 18, 27, 29, 66, 12]
[18]
[77, 33, 66, 0, 64, 20]
[62, 92, 80, 22, 54, 91, 86, 49]
[57, 34, 66, 81, 19, 54, 80, 28]
[]
[87]
[67, 68, 34, 99, 84]
[2, 25, 67, 42, 43, 10, 14, 71]
[71, 59, 61, 1]
[74, 68, 94, 36, 57, 38, 10, 95, 58]
[]
[26, 65, 79, 71, 20, 54, 80]
[12, 66]
[]
[29, 70, 55, 28, 80, 57, 42, 90]
[59, 45, 18, 91]
[6, 84, 49, 26]
[45, 42, 20, 78]
[37, 69]
[92, 42, 94, 90]
[84, 69]
[41, 64, 90, 2, 6]
[69, 59, 39, 45, 57]
[63, 21, 20, 33, 93, 62, 72, 59, 78, 76]
[80, 1, 63, 78, 60, 73, 79]
[86, 42]
0